<?xml version="1.0" encoding="UTF-8"?>
<testsuite xmlns:xsi="http://www.w3.org/2001/XMLSchema-instance" xsi:noNamespaceSchemaLocation="https://maven.apache.org/surefire/maven-surefire-plugin/xsd/surefire-test-report.xsd" name="com.vebinar.AppTest" time="0.053" tests="1" errors="0" skipped="0" failures="0">
  <properties>
    <property name="sun.desktop" value="gnome"/>
    <property name="awt.toolkit" value="sun.awt.X11.XToolkit"/>
    <property name="file.encoding.pkg" value="sun.io"/>
    <property name="java.specification.version" value="1.8"/>
    <property name="sun.cpu.isalist" value=""/>
    <property name="sun.jnu.encoding" value="UTF-8"/>
    <property name="java.class.path" value="/home/dima/JavaProjects/IDEA/SpringJDBC_MVC_Freemarker/demotest/target/test-classes:/home/dima/JavaProjects/IDEA/SpringJDBC_MVC_Freemarker/demotest/target/classes:/home/dima/.m2/repository/junit/junit/4.11/junit-4.11.jar:/home/dima/.m2/repository/org/hamcrest/hamcrest-core/1.3/hamcrest-core-1.3.jar:/home/dima/.m2/repository/org/springframework/spring-context/5.1.6.RELEASE/spring-context-5.1.6.RELEASE.jar:/home/dima/.m2/repository/org/springframework/spring-aop/5.1.6.RELEASE/spring-aop-5.1.6.RELEASE.jar:/home/dima/.m2/repository/org/springframework/spring-beans/5.1.6.RELEASE/spring-beans-5.1.6.RELEASE.jar:/home/dima/.m2/repository/org/springframework/spring-core/5.1.6.RELEASE/spring-core-5.1.6.RELEASE.jar:/home/dima/.m2/repository/org/springframework/spring-jcl/5.1.6.RELEASE/spring-jcl-5.1.6.RELEASE.jar:/home/dima/.m2/repository/org/springframework/spring-expression/5.1.6.RELEASE/spring-expression-5.1.6.RELEASE.jar:/home/dima/.m2/repository/org/springframework/spring-webmvc/5.1.6.RELEASE/spring-webmvc-5.1.6.RELEASE.jar:/home/dima/.m2/repository/org/springframework/spring-web/5.1.6.RELEASE/spring-web-5.1.6.RELEASE.jar:/home/dima/.m2/repository/org/springframework/spring-context-support/4.3.9.RELEASE/spring-context-support-4.3.9.RELEASE.jar:/home/dima/.m2/repository/org/freemarker/freemarker/2.3.23/freemarker-2.3.23.jar:/home/dima/.m2/repository/javax/servlet/javax.servlet-api/4.0.1/javax.servlet-api-4.0.1.jar:"/>
    <property name="java.vm.vendor" value="Oracle Corporation"/>
    <property name="sun.arch.data.model" value="64"/>
    <property name="java.vendor.url" value="http://java.oracle.com/"/>
    <property name="user.timezone" value=""/>
    <property name="java.vm.specification.version" value="1.8"/>
    <property name="os.name" value="Linux"/>
    <property name="user.country" value="US"/>
    <property name="sun.java.launcher" value="SUN_STANDARD"/>
    <property name="sun.boot.library.path" value="/opt/java/jdk1.8.0_121/jre/lib/amd64"/>
    <property name="sun.java.command" value="/home/dima/JavaProjects/IDEA/SpringJDBC_MVC_Freemarker/demotest/target/surefire/surefirebooter4090663015840479219.jar /home/dima/JavaProjects/IDEA/SpringJDBC_MVC_Freemarker/demotest/target/surefire 2019-06-03T09-17-19_029-jvmRun1 surefire8515726538332302065tmp surefire_0874286818062197608tmp"/>
    <property name="surefire.test.class.path" value="/home/dima/JavaProjects/IDEA/SpringJDBC_MVC_Freemarker/demotest/target/test-classes:/home/dima/JavaProjects/IDEA/SpringJDBC_MVC_Freemarker/demotest/target/classes:/home/dima/.m2/repository/junit/junit/4.11/junit-4.11.jar:/home/dima/.m2/repository/org/hamcrest/hamcrest-core/1.3/hamcrest-core-1.3.jar:/home/dima/.m2/repository/org/springframework/spring-context/5.1.6.RELEASE/spring-context-5.1.6.RELEASE.jar:/home/dima/.m2/repository/org/springframework/spring-aop/5.1.6.RELEASE/spring-aop-5.1.6.RELEASE.jar:/home/dima/.m2/repository/org/springframework/spring-beans/5.1.6.RELEASE/spring-beans-5.1.6.RELEASE.jar:/home/dima/.m2/repository/org/springframework/spring-core/5.1.6.RELEASE/spring-core-5.1.6.RELEASE.jar:/home/dima/.m2/repository/org/springframework/spring-jcl/5.1.6.RELEASE/spring-jcl-5.1.6.RELEASE.jar:/home/dima/.m2/repository/org/springframework/spring-expression/5.1.6.RELEASE/spring-expression-5.1.6.RELEASE.jar:/home/dima/.m2/repository/org/springframework/spring-webmvc/5.1.6.RELEASE/spring-webmvc-5.1.6.RELEASE.jar:/home/dima/.m2/repository/org/springframework/spring-web/5.1.6.RELEASE/spring-web-5.1.6.RELEASE.jar:/home/dima/.m2/repository/org/springframework/spring-context-support/4.3.9.RELEASE/spring-context-support-4.3.9.RELEASE.jar:/home/dima/.m2/repository/org/freemarker/freemarker/2.3.23/freemarker-2.3.23.jar:/home/dima/.m2/repository/javax/servlet/javax.servlet-api/4.0.1/javax.servlet-api-4.0.1.jar:"/>
    <property name="sun.cpu.endian" value="little"/>
    <property name="user.home" value="/home/dima"/>
    <property name="user.language" value="en"/>
    <property name="java.specification.vendor" value="Oracle Corporation"/>
    <property name="java.home" value="/opt/java/jdk1.8.0_121/jre"/>
    <property name="basedir" value="/home/dima/JavaProjects/IDEA/SpringJDBC_MVC_Freemarker/demotest"/>
    <property name="file.separator" value="/"/>
    <property name="line.separator" value="&#10;"/>
    <property name="java.vm.specification.vendor" value="Oracle Corporation"/>
    <property name="java.specification.name" value="Java Platform API Specification"/>
    <property name="java.awt.graphicsenv" value="sun.awt.X11GraphicsEnvironment"/>
    <property name="surefire.real.class.path" value="/home/dima/JavaProjects/IDEA/SpringJDBC_MVC_Freemarker/demotest/target/surefire/surefirebooter4090663015840479219.jar"/>
    <property name="sun.boot.class.path" value="/opt/java/jdk1.8.0_121/jre/lib/resources.jar:/opt/java/jdk1.8.0_121/jre/lib/rt.jar:/opt/java/jdk1.8.0_121/jre/lib/sunrsasign.jar:/opt/java/jdk1.8.0_121/jre/lib/jsse.jar:/opt/java/jdk1.8.0_121/jre/lib/jce.jar:/opt/java/jdk1.8.0_121/jre/lib/charsets.jar:/opt/java/jdk1.8.0_121/jre/lib/jfr.jar:/opt/java/jdk1.8.0_121/jre/classes"/>
    <property name="sun.management.compiler" value="HotSpot 64-Bit Tiered Compilers"/>
    <property name="java.runtime.version" value="1.8.0_121-b13"/>
    <property name="user.name" value="dima"/>
    <property name="path.separator" value=":"/>
    <property name="os.version" value="3.16.0-8-amd64"/>
    <property name="java.endorsed.dirs" value="/opt/java/jdk1.8.0_121/jre/lib/endorsed"/>
    <property name="java.runtime.name" value="Java(TM) SE Runtime Environment"/>
    <property name="file.encoding" value="UTF-8"/>
    <property name="java.vm.name" value="Java HotSpot(TM) 64-Bit Server VM"/>
    <property name="localRepository" value="/home/dima/.m2/repository"/>
    <property name="java.vendor.url.bug" value="http://bugreport.sun.com/bugreport/"/>
    <property name="java.io.tmpdir" value="/tmp"/>
    <property name="java.version" value="1.8.0_121"/>
    <property name="user.dir" value="/home/dima/JavaProjects/IDEA/SpringJDBC_MVC_Freemarker/demotest"/>
    <property name="os.arch" value="amd64"/>
    <property name="java.vm.specification.name" value="Java Virtual Machine Specification"/>
    <property name="java.awt.printerjob" value="sun.print.PSPrinterJob"/>
    <property name="sun.os.patch.level" value="unknown"/>
    <property name="java.library.path" value="/usr/java/packages/lib/amd64:/usr/lib64:/lib64:/lib:/usr/lib"/>
    <property name="java.vm.info" value="mixed mode"/>
    <property name="java.vendor" value="Oracle Corporation"/>
    <property name="java.vm.version" value="25.121-b13"/>
    <property name="java.ext.dirs" value="/opt/java/jdk1.8.0_121/jre/lib/ext:/usr/java/packages/lib/ext"/>
    <property name="sun.io.unicode.encoding" value="UnicodeLittle"/>
    <property name="java.class.version" value="52.0"/>
  </properties>
  <testcase name="shouldAnswerWithTrue" classname="com.vebinar.AppTest" time="0.002"/>
</testsuite>